001,01,01,6ffb3b456b608f82c315c3cf607eff38cdd84a68e7a4eab9ad5b0de7e51e4176,0000000000,06,11,08,01,24,00,00,00,00,00,0000000000,0000000000,    0.00,    0.00
003,01,01,a2827e016758cd18e7c92ab5d37ca8d7bf1e191d1ccc252f718401f1b848aedd,0000000000,06,31,08,01,24,00,00,00,00,00,0000000000,0000000000,    0.00,    0.00
004,01,01,c18d2aea739cf005485fc3a3fe7f5f5bfb0779dd9e53b73fd13d2e3c61cfd5d7,0000000000,06,34,08,01,24,00,00,00,00,00,0000000000,0000000000,    0.00,    0.00
004,01,01,4cd816fd1c5efa03445bc5ee217650b4ab592374dd525768f80aa312a2a04a2a,0000000000,07,04,08,01,24,00,00,00,00,00,0000000000,0000000000,    0.00,    0.00
006,01,01,3394e06d7b2afde550b80af49ff4555a3cddb11dabfdb80c9a02ec3caf73d195,0000000000,07,10,08,01,24,00,00,00,00,00,0000000000,0000000000,    0.00,    0.00
006,01,01,5b43a37cb12e862be8c3c5469617e1c768b9fb28db877d4d3848b06007c1ef1b,0000000000,07,10,08,01,24,00,00,00,00,00,0000000000,0000000000,    0.00,    0.00
006,01,01,7120c31e5033951fd04673195d77494da6311b6a42237fa84f471a8cd6b3f8a2,0000000000,07,13,08,01,24,00,00,00,00,00,0000000000,0000000000,    0.00,    0.00
004,01,01,de756115497ff401f1cea08b10e3ab11b200358e5f3cabec932b09a451d12bf1,0000000000,07,15,08,01,24,00,00,00,00,00,0000000000,0000000000,    0.00,    0.00
008,01,01,0b3b0d1c8c32a60dd97521ff446b4c438a986593c61262f2631a7d8c4f515a2b,0000000000,07,15,08,01,24,00,00,00,00,00,0000000000,0000000000,    0.00,    0.00
003,01,01,edd945d14794bcab9a59a5528dfe43f2bd2e2f5e899ede9bcf4e0e3f08cc21bb,0000000000,07,19,08,01,24,00,00,00,00,00,0000000000,0000000000,    0.00,    0.00
004,01,01,e33949d1a643fed7ee8ae530ed951f305fdec10d7b40e3a1c122291fcf380da6,0000000000,07,19,08,01,24,00,00,00,00,00,0000000000,0000000000,    0.00,    0.00
006,01,01,db7410afd357e5303a87d627eef6c59f8d36faa839c205778ac883ae106acef6,0000000000,07,20,08,01,24,00,00,00,00,00,0000000000,0000000000,    0.00,    0.00
003,01,01,a4ef4b5a403c0919d923d4d6b232f4df9448fc1bf2067092bdafd9c69a552822,0000000000,07,22,08,01,24,00,00,00,00,00,0000000000,0000000000,    0.00,    0.00
006,01,01,87ad8120fa58c3391e330ea6b1927e06f5476edc97fce1afa5fa3d949eead034,0000000000,07,23,08,01,24,00,00,00,00,00,0000000000,0000000000,    0.00,    0.00
005,01,01,bda3687bc843201b7c825c778f37802e98a1bc2e52873b870d3abd2230fbfa3b,0000000000,07,23,08,01,24,00,00,00,00,00,0000000000,0000000000,    0.00,    0.00
006,01,01,8d2227bf9ce5acecdcadaf5d4a8499f53d4cbf5767cee0a4a9444a1d1698f3b9,0000000000,07,24,08,01,24,00,00,00,00,00,0000000000,0000000000,    0.00,    0.00
004,01,01,e734687aed21d619e47ec49a4c4f5f748bcfa6869b4e72fd95318bf993ad5b5f,0000000000,07,25,08,01,24,00,00,00,00,00,0000000000,0000000000,    0.00,    0.00
003,01,01,fb5ba04406e99e938e9d6d71fd36a730b0ee118796896d3dd20b384e3115e6e4,0000000000,07,25,08,01,24,00,00,00,00,00,0000000000,0000000000,    0.00,    0.00
004,01,01,5bbf955b47587001350bb1fd49900fe6d8c652fd739302f4dafb2db1996610c3,0000000000,07,26,08,01,24,00,00,00,00,00,0000000000,0000000000,    0.00,    0.00
006,01,01,8aecd0a245f36592d29ef8aa20e3d4432d170118177576b5874bb9d50cd6fefb,0000000000,07,27,08,01,24,00,00,00,00,00,0000000000,0000000000,    0.00,    0.00
004,01,01,e5d429096a12889c553a18d24babbb23a83e8d2251aaa1602a10d6877184e580,0000000000,07,28,08,01,24,00,00,00,00,00,0000000000,0000000000,    0.00,    0.00
008,01,01,282bd8d0f5869e432a301837c41481522336180aa7acf5adf13fffbc3190397f,0000000000,07,28,08,01,24,00,00,00,00,00,0000000000,0000000000,    0.00,    0.00
007,01,01,3597e143272f1685558aa9241c67337b54fd22603fe8d782c644b3f18c4e0829,0000000000,07,29,08,01,24,00,00,00,00,00,0000000000,0000000000,    0.00,    0.00
006,01,01,4f05d77c3ece0d9a70baf66c03af28393ba09f267f9752ffff8f5a40ed778b60,0000000000,07,29,08,01,24,00,00,00,00,00,0000000000,0000000000,    0.00,    0.00
006,01,01,51a5190a98982f92d0e45b148190503da8bc7f42cdb01cde7ec8fcfa68500ec6,0000000000,07,30,08,01,24,00,00,00,00,00,0000000000,0000000000,    0.00,    0.00
006,01,01,4805aa4ef7a9aa71b9175c856505cd8d9aa9aad3fe0c48a1a02ee99351f6063e,0000000000,07,30,08,01,24,00,00,00,00,00,0000000000,0000000000,    0.00,    0.00
007,01,01,d71181bf2428f5bdd4b880823bdab876c170a951ddca52b13db5ade11023a95e,0000000000,07,31,08,01,24,00,00,00,00,00,0000000000,0000000000,    0.00,    0.00
004,01,01,e52fff7a6f4cc6a8fdc601745f3bff0c35096070dd9d29c2ffd24947dff851b7,0000000000,07,31,08,01,24,00,00,00,00,00,0000000000,0000000000,    0.00,    0.00
007,01,01,cc3c4c5aa4987c93bfed2899fa25beaffca8f2f03815fa4c673efaf943fb273a,0000000000,07,31,08,01,24,00,00,00,00,00,0000000000,0000000000,    0.00,    0.00
001,01,01,82fa02ea469c667e05d4529fcc857cba2e15dc7cadb47343855172a955c80c09,0000000000,07,31,08,01,24,00,00,00,00,00,0000000000,0000000000,    0.00,    0.00
002,01,01,55c74413a4cf27c0024c10cd811ab9e4c0ccb93e3baa874c3681c56e8dc04ca9,0000000000,07,32,08,01,24,00,00,00,00,00,0000000000,0000000000,    0.00,    0.00
006,01,01,106566f4bd627685a669458dcc3fc6a47d26c326fc4b7e4cf5f555aeaf5b69d8,0000000000,07,32,08,01,24,00,00,00,00,00,0000000000,0000000000,    0.00,    0.00
006,01,01,1d8e6e4d07c0b99333256c3dc97ae513fdbc28aa388edb1f872572ac27bd3374,0000000000,07,33,08,01,24,00,00,00,00,00,0000000000,0000000000,    0.00,    0.00
006,01,01,ee46f4e0e8889e1068d70cec39e63fe9222f7480c9c0c6e47d1972486b6855bb,0000000000,07,34,08,01,24,00,00,00,00,00,0000000000,0000000000,    0.00,    0.00
006,01,01,b1ca2518bcecd95d12400802a24f5a20ac4c53344178f3d3b9d1532dcff6b215,0000000000,07,34,08,01,24,00,00,00,00,00,0000000000,0000000000,    0.00,    0.00
006,01,01,83e34923d854d062f5330b247ceccefdec2663d775a123995407a60c4288e78d,0000000000,07,35,08,01,24,00,00,00,00,00,0000000000,0000000000,    0.00,    0.00
004,01,01,0a3e85570e54caee819936bd92cf6c6f9bf29dc779b7830e9fe6eeef02768757,0000000000,07,35,08,01,24,00,00,00,00,00,0000000000,0000000000,    0.00,    0.00
004,01,01,6288ae00a3d56855d5ae508719778802f354ce0c5568e17087ce0fe8f72acdb1,0000000000,07,36,08,01,24,00,00,00,00,00,0000000000,0000000000,    0.00,    0.00
004,01,01,39c7240e8395a1e08ec5e5b2b7bb4612665fc52ca5aab3d51261cbe2992fd17a,0000000000,07,37,08,01,24,00,00,00,00,00,0000000000,0000000000,    0.00,    0.00
002,01,01,b7c936e2ffbbe55f49d350d1e5fcb372a8c835939ba6f68bcdd3ce7e41a1e136,0000000000,07,37,08,01,24,00,00,00,00,00,0000000000,0000000000,    0.00,    0.00
004,01,01,c5058aea56a57e77330794f0e916ea47e25c9ca12bc57164b40b999a3476401e,0000000000,07,38,08,01,24,00,00,00,00,00,0000000000,0000000000,    0.00,    0.00
007,01,01,1797d2e11275122d0b37f4bc4a78b033f495bc38d09c34b2067a07d0d45a15a5,0000000000,07,38,08,01,24,00,00,00,00,00,0000000000,0000000000,    0.00,    0.00
001,01,01,8893cbe582fd3b4438065e9149047628df5a232886936deb61d5951f55b3a27a,0000000000,07,38,08,01,24,00,00,00,00,00,0000000000,0000000000,    0.00,    0.00
004,01,01,57a0ace80b052fbf6a0f6121330027d89582feb8d63dd81bbe8874abd9503bf7,0000000000,07,38,08,01,24,00,00,00,00,00,0000000000,0000000000,    0.00,    0.00
005,01,01,588f6948c8edf2ed5a6715937b019f2e8159e710c3dad78f8034b809f2e50018,0000000000,07,38,08,01,24,00,00,00,00,00,0000000000,0000000000,    0.00,    0.00
005,01,01,986558ff89717af6f30d16b7552028957a68ceac427e2f68493b51a3ffa15879,0000000000,07,38,08,01,24,00,00,00,00,00,0000000000,0000000000,    0.00,    0.00
004,01,01,beeb50abcb57304a058577feba6b90f6b9fb8edf3ee69a555eb545a21bf83815,0000000000,07,38,08,01,24,00,00,00,00,00,0000000000,0000000000,    0.00,    0.00
007,01,01,c75f93410cc0cc02ca9918bfaff69bf0d95c58958f5577c942745eef8a723f90,0000000000,07,39,08,01,24,00,00,00,00,00,0000000000,0000000000,    0.00,    0.00
002,01,01,cb4a4ffec0bfde69ae3c3e4dc14a73f93d2926bc30bb825ec4fd08f6ffc3d1a1,0000000000,07,41,08,01,24,00,00,00,00,00,0000000000,0000000000,    0.00,    0.00
006,01,01,d178bc1f08656516948a8eb9c4e85aded58e6c5886bb8d9474d840611dd5e2ca,0000000000,07,41,08,01,24,00,00,00,00,00,0000000000,0000000000,    0.00,    0.00
002,01,01,c112cf6300c95de1d52414cab64a5a19475fbcb63a846ee8ac403e25bf63795d,0000000000,07,41,08,01,24,00,00,00,00,00,0000000000,0000000000,    0.00,    0.00
003,01,01,48c4ed2f68a8796cb1ed2bcede1fadb249a41dfde2956aefda072196d966e2a9,0000000000,07,41,08,01,24,00,00,00,00,00,0000000000,0000000000,    0.00,    0.00
003,01,01,822836344dcec26948e36d4649bba4ca4cf387a8e653525969800d0b601f968e,0000000000,07,42,08,01,24,00,00,00,00,00,0000000000,0000000000,    0.00,    0.00
006,01,01,63778f8f02b7b977e8d90fb5b2242f1678028a4d78cd2a00ab43a76b99fc9dd9,0000000000,07,42,08,01,24,00,00,00,00,00,0000000000,0000000000,    0.00,    0.00
003,01,01,c91d1ea423a491a57f0c60888c4e60cbca107b9d65655c30dd24d8591e1d8fe5,0000000000,07,43,08,01,24,00,00,00,00,00,0000000000,0000000000,    0.00,    0.00
008,01,01,5dc1302bda87969b710ead12e78c2f316f7e1cc0ca0eccf6d060acbe9fc8b9ae,0000000000,07,43,08,01,24,00,00,00,00,00,0000000000,0000000000,    0.00,    0.00
003,01,01,92e40687f2a2b72fe423deb9372625ce682c5193a9dfd5425c983a01a6fe7419,0000000000,07,44,08,01,24,00,00,00,00,00,0000000000,0000000000,    0.00,    0.00
006,01,01,be9c6b5982a2674e064e8660a9f90d662db984df40483cacb98e58d51ac87638,0000000000,07,44,08,01,24,00,00,00,00,00,0000000000,0000000000,    0.00,    0.00
004,01,01,30934c7a1300acbb42331882d95368285ba0311f5e02d9adf382a1f2af73bdfe,0000000000,07,45,08,01,24,00,00,00,00,00,0000000000,0000000000,    0.00,    0.00
004,01,01,30fed031d1864197d505632d3061820cc44f15734a72d9bb7036feebd92fb4d4,0000000000,07,46,08,01,24,00,00,00,00,00,0000000000,0000000000,    0.00,    0.00
006,01,01,ae745cbdfdbf1a9d45bf72627dcb2bd6d06ab23f9915094ec9cbbd32f09f7e5f,0000000000,07,47,08,01,24,00,00,00,00,00,0000000000,0000000000,    0.00,    0.00
008,01,01,2e5fab239bc63f6b5333ecf0e260a7d8a7232773fa66ba67efa26116125cf854,0000000000,07,47,08,01,24,00,00,00,00,00,0000000000,0000000000,    0.00,    0.00
004,01,01,41923a4aae621fe1edf5995ec0e072b714aa55e2528a07d0ef11a93367e1d81a,0000000000,07,48,08,01,24,00,00,00,00,00,0000000000,0000000000,    0.00,    0.00
001,01,01,c8b5d3ca1e4abc2d202495f84e10426da339ff9fd6f1409041409957fbb95dae,0000000000,07,48,08,01,24,00,00,00,00,00,0000000000,0000000000,    0.00,    0.00
006,01,01,35a0adc3530708686f4dc3d83e31e791efaff9dd28f903c8904d39b6145ea718,0000000000,07,48,08,01,24,00,00,00,00,00,0000000000,0000000000,    0.00,    0.00
004,01,01,aaad6cccf71723f44a6ba1f82f0cd06655acd1fcc3ca400cdc4a277e708f623e,0000000000,07,49,08,01,24,00,00,00,00,00,0000000000,0000000000,    0.00,    0.00
004,01,01,2b79aec00a04b2df53392e1aaf518061fe1da7e65a648f2ed30f411d963e2b7f,0000000000,07,49,08,01,24,00,00,00,00,00,0000000000,0000000000,    0.00,    0.00
008,01,01,c15a804d4cacf853a1d1149306bcf19ceb38f35a89a557701c0a21f1eb732955,0000000000,07,49,08,01,24,00,00,00,00,00,0000000000,0000000000,    0.00,    0.00
004,01,01,9e4c395011a571af5b63fea1c1c51b179877ae89fafcf01429fe543212ef1078,0000000000,07,49,08,01,24,00,00,00,00,00,0000000000,0000000000,    0.00,    0.00
004,01,01,76e9093257fb3c84d4fcba5e2d3115ef63d570ef9ea33f5ea448fe3d6874f47b,0000000000,07,49,08,01,24,00,00,00,00,00,0000000000,0000000000,    0.00,    0.00
001,01,01,3b88ff1a4ba9dfdbc8178a573816a456d9d497a0038072939f35a80caf320b2a,0000000000,07,49,08,01,24,00,00,00,00,00,0000000000,0000000000,    0.00,    0.00
004,01,01,3ec0080abb1540f1a04cd6f9122cb56db4d3fa7bb1a1224cfab6fbe84defdeff,0000000000,07,49,08,01,24,00,00,00,00,00,0000000000,0000000000,    0.00,    0.00
006,01,01,cd10be87fa6f8b036322d6a169f7405c21024d03ab1d1047289bf5f2ec0c7532,0000000000,07,50,08,01,24,00,00,00,00,00,0000000000,0000000000,    0.00,    0.00
006,01,01,e128446f66cbdf1257a65f593df961698f8febc5e65111f91e75c3789cc49b14,0000000000,07,51,08,01,24,00,00,00,00,00,0000000000,0000000000,    0.00,    0.00
007,01,01,0e121debfb44847e1ec6b67c517349ff6bd7a55c57874de3fe2b7190d9e595c5,0000000000,07,51,08,01,24,00,00,00,00,00,0000000000,0000000000,    0.00,    0.00
006,01,01,1ca9b682b240ae9a6d41c2c5e3f6270e88c4783f96d9aba5f7caa6adacb0eedd,0000000000,07,51,08,01,24,00,00,00,00,00,0000000000,0000000000,    0.00,    0.00
004,01,01,be04a743ac9bd936342554da4cbb34e8948de99e5f61246059fc42e11b67574e,0000000000,07,51,08,01,24,00,00,00,00,00,0000000000,0000000000,    0.00,    0.00
006,01,01,ad2fa8e5b52fd2cc77152d6d28772ffcf5f9438d5fb48c669d463c4be582ee72,0000000000,07,51,08,01,24,00,00,00,00,00,0000000000,0000000000,    0.00,    0.00
003,01,01,55b4a597dbeac54516cbce0a21ffe5f993dfdde596b6c63634764faa291e98a5,0000000000,07,51,08,01,24,00,00,00,00,00,0000000000,0000000000,    0.00,    0.00
002,01,01,81dc2d704944a3731be66f3501afce3b162d34f925c917f1463a253f229cd8bb,0000000000,07,52,08,01,24,00,00,00,00,00,0000000000,0000000000,    0.00,    0.00
004,01,01,12df4d68db7cd1cb776186f6ae7518bf40bff4cce8d2afd23c3740c8b2208c31,0000000000,07,52,08,01,24,00,00,00,00,00,0000000000,0000000000,    0.00,    0.00
007,01,01,1a0da39251583e767526b7001f26186b824a3f99bc870e10a32a11ce994727ae,0000000000,07,52,08,01,24,00,00,00,00,00,0000000000,0000000000,    0.00,    0.00
008,01,01,b958b7ba3c105efec1d67ba4b76b7c3843e67f18ac8c7b0de6a80abda35ce684,0000000000,07,53,08,01,24,00,00,00,00,00,0000000000,0000000000,    0.00,    0.00
003,01,01,6ad950f8a523dc71d6787241cb53bbac2afd9f1104a05d21d3df2a10eaac2e54,0000000000,07,53,08,01,24,00,00,00,00,00,0000000000,0000000000,    0.00,    0.00
003,01,01,185c58fc6cf21d80280a3db1d8f1f72e1b906b9fff92d6d7ba6149ff126ed298,0000000000,07,54,08,01,24,00,00,00,00,00,0000000000,0000000000,    0.00,    0.00
006,01,01,180ae5c26fb7b56bf2b54c6cb20c4383dacdd4201ccfd861eab7e009e3155c97,0000000000,07,54,08,01,24,00,00,00,00,00,0000000000,0000000000,    0.00,    0.00
007,01,01,012a253b2c376426e83130cf133eaec655fca0cc0e9481c10c80715218dce7f9,0000000000,07,54,08,01,24,00,00,00,00,00,0000000000,0000000000,    0.00,    0.00
006,01,01,f7d5d8164502a5a1b7960e82722848861e394592659a26c6414bcfa41eac0407,0000000000,07,54,08,01,24,00,00,00,00,00,0000000000,0000000000,    0.00,    0.00
006,01,01,91af8478813587188debc668c5032e0073d5914d0de41daa0698b0d9290f3180,0000000000,07,54,08,01,24,00,00,00,00,00,0000000000,0000000000,    0.00,    0.00
006,01,01,3b14426ecdb37e17461303f4c4e547c04cd99fd01ea6afc4357859b3538030bf,0000000000,07,54,08,01,24,00,00,00,00,00,0000000000,0000000000,    0.00,    0.00
006,01,01,96559f4b2a075a2c349344e568b8d88892ab2d63e786471a836af63796230d2c,0000000000,07,55,08,01,24,00,00,00,00,00,0000000000,0000000000,    0.00,    0.00
006,01,01,339742e1139c17c25cbb83978f53ea745082c229d336c8254fd72758ac5b1090,0000000000,07,55,08,01,24,00,00,00,00,00,0000000000,0000000000,    0.00,    0.00
001,01,01,2bd2821a7c107aaa365193678c3c9ace4879620d4213cee877d44ca0820b31c1,0000000000,07,56,08,01,24,00,00,00,00,00,0000000000,0000000000,    0.00,    0.00
006,01,01,021f30e46573a4875605de4822184cd3cc701308e796b63af76a28612b6f5eee,0000000000,07,56,08,01,24,00,00,00,00,00,0000000000,0000000000,    0.00,    0.00
006,01,01,d8e8164edea82834858130b3110c802f5100329574e27d7e9a400f740df11192,0000000000,07,57,08,01,24,00,00,00,00,00,0000000000,0000000000,    0.00,    0.00
001,01,01,f2fe5e4fcec0e681d3b635cdf548133de6fb5ba703c61a915c15055be1e2a813,0000000000,07,57,08,01,24,00,00,00,00,00,0000000000,0000000000,    0.00,    0.00
006,01,01,1e1b5fe1b1c27ba878afa4ee9a3bcd0a144e82e2ff54a34b6ccf9c60fa8277c0,0000000000,07,57,08,01,24,00,00,00,00,00,0000000000,0000000000,    0.00,    0.00
006,01,01,34beed08901c2d0b845543ebce462ff3a2064defe4401eab2bf4ff6a3cefd81c,0000000000,07,57,08,01,24,00,00,00,00,00,0000000000,0000000000,    0.00,    0.00
007,01,01,7b7917a0898926c2c0e23df3100edb8fcbc52f313af18458aab418905f471d88,0000000000,07,57,08,01,24,00,00,00,00,00,0000000000,0000000000,    0.00,    0.00
003,01,01,e1b0248d941d5635e250dfb23a1e68bba5ba7e29cf6430ccb28ca30a9bbde8a3,0000000000,07,57,08,01,24,00,00,00,00,00,0000000000,0000000000,    0.00,    0.00
007,01,01,1a0da39251583e767526b7001f26186b824a3f99bc870e10a32a11ce994727ae,0000000000,07,58,08,01,24,00,00,00,00,00,0000000000,0000000000,    0.00,    0.00
006,01,01,39486abcc3f57a57449f39dff4a5b9fcac5f74ab677a9e1b29a213df821508ef,0000000000,07,58,08,01,24,00,00,00,00,00,0000000000,0000000000,    0.00,    0.00
006,01,01,2a3b4b95fcd0b6d0b7025355f115656e7d5f2c301d8011c459227777cffc33eb,0000000000,07,58,08,01,24,00,00,00,00,00,0000000000,0000000000,    0.00,    0.00
002,01,01,d88c8b8f13ca4a66e03bae690a7b4265d2a050ad07a46f67f35d8b1e511c41b3,0000000000,07,58,08,01,24,00,00,00,00,00,0000000000,0000000000,    0.00,    0.00
006,01,01,db1b73f5a0bda004558726ce57775509d9c1715871adb5b359c8fd2f2a3358d1,0000000000,07,58,08,01,24,00,00,00,00,00,0000000000,0000000000,    0.00,    0.00
007,01,01,af5166fc89a669b9355cae635fecd4127267df893ab6fd7ecdb280735d9b635a,0000000000,07,58,08,01,24,00,00,00,00,00,0000000000,0000000000,    0.00,    0.00
006,01,01,77c8fd6926bfe8f485d2ffc45d5c205c882b80f547f70eb318efca4f9b18c488,0000000000,07,59,08,01,24,00,00,00,00,00,0000000000,0000000000,    0.00,    0.00
003,01,01,123c2068c51270225f7d424474ac14b7b40fc5e202f878aa40ed3f3c6c2b66fd,0000000000,07,59,08,01,24,00,00,00,00,00,0000000000,0000000000,    0.00,    0.00
004,01,01,03e6a1d3c48350e9c0da40478183e12abb4c5015935ace7b189f910021624317,0000000000,07,59,08,01,24,00,00,00,00,00,0000000000,0000000000,    0.00,    0.00
004,01,01,db32b6c9f8e2a2b62dc93f7e515b4a89883b5aa20ba52c6cbcfba8bbd1ebfcd3,0000000000,07,59,08,01,24,00,00,00,00,00,0000000000,0000000000,    0.00,    0.00
006,01,01,5540503c193ed5c6d781ee263510182acb5449bebd9c0215effe432d219ff8ed,0000000000,08,00,08,01,24,00,00,00,00,00,0000000000,0000000000,    0.00,    0.00
001,01,01,7800c6f0b58047811b1338338b89e5f94357a949054c5bcd0ddedf1db2a2aa2a,0000000000,08,00,08,01,24,00,00,00,00,00,0000000000,0000000000,    0.00,    0.00
007,01,01,907cdc1b5b36dabe764aadc3d52691a0191cbcf50af77ae595182060b6710514,0000000000,08,00,08,01,24,00,00,00,00,00,0000000000,0000000000,    0.00,    0.00
003,01,01,073126b7e824f0d0af6d54240645c33f3d6eec23b257a12df01243a5f532f65a,0000000000,08,00,08,01,24,00,00,00,00,00,0000000000,0000000000,    0.00,    0.00
006,01,01,d90f3930c6527617ffbb8c403e0a13866b4f971d0de3c49bcd1c9af97a6a71fc,0000000000,08,01,08,01,24,00,00,00,00,00,0000000000,0000000000,    0.00,    0.00
002,01,01,c112cf6300c95de1d52414cab64a5a19475fbcb63a846ee8ac403e25bf63795d,0000000000,08,01,08,01,24,00,00,00,00,00,0000000000,0000000000,    0.00,    0.00
001,01,01,513538f6a341fd2bf84269557eaa71ee0ae1c9433d806c0bbb34a180362e1f07,0000000000,08,01,08,01,24,00,00,00,00,00,0000000000,0000000000,    0.00,    0.00
006,01,01,91c2c90deeafd12a55231d116cb6d78fc9925b2bcc57020faca9f00abb9151c4,0000000000,08,01,08,01,24,00,00,00,00,00,0000000000,0000000000,    0.00,    0.00
003,01,01,91a1b52f4bb0c439b41f67720c116f7a7dfe8795dab8c73008b1612c72f6c553,0000000000,08,01,08,01,24,00,00,00,00,00,0000000000,0000000000,    0.00,    0.00
007,01,01,cfd94ea397c9823bcc7dcecdf2e847fb4952ed957cbba011bf6acc156fe03a9d,0000000000,08,01,08,01,24,00,00,00,00,00,0000000000,0000000000,    0.00,    0.00
001,01,01,fb8edd264692caef02d7b4296356e4151c890f81b7c90bc3a1e5147a8dc32d91,0000000000,08,02,08,01,24,00,00,00,00,00,0000000000,0000000000,    0.00,    0.00
004,01,01,47815898b7baf5c8d4afcb142259397a6ae4337d4cd3e2ad9e1f987fc57cd7c9,0000000000,08,02,08,01,24,00,00,00,00,00,0000000000,0000000000,    0.00,    0.00
006,01,01,d0f56bd3aae712dd2dd7727a386539070f982c70adbf621d097f683ab3a58db3,0000000000,08,02,08,01,24,00,00,00,00,00,0000000000,0000000000,    0.00,    0.00
006,01,01,41cf38ea4a2f7a88c576c9f50aaa0ba0f25b3ef6086bd1d9ecd006cc105c0cb3,0000000000,08,02,08,01,24,00,00,00,00,00,0000000000,0000000000,    0.00,    0.00
008,01,01,a0ee52ff857f935e4e23e3753eb72aad289e967f8eb72f7bb84a8db23dd7ae2a,0000000000,08,02,08,01,24,00,00,00,00,00,0000000000,0000000000,    0.00,    0.00
003,01,01,bccdafe7876cfcb598de9cd9ee79b6458a60dc1488d6d08b0536f619cf8bf573,0000000000,08,03,08,01,24,00,00,00,00,00,0000000000,0000000000,    0.00,    0.00
006,01,01,fdb7a6348501aacf1fcbf3dc84fc54f9da3ed1e6ab8dd7dfef019978c68cf5e7,0000000000,08,04,08,01,24,00,00,00,00,00,0000000000,0000000000,    0.00,    0.00
006,01,01,2db06934d3ba22f686ceb0e76e9284c33bc14a837099e463d096c8bcc41c5b8c,0000000000,08,04,08,01,24,00,00,00,00,00,0000000000,0000000000,    0.00,    0.00
006,01,01,98d18d3411cda0231508d501a6790863bb086e9c15ba7d0cebfa6bdced447a1a,0000000000,08,04,08,01,24,00,00,00,00,00,0000000000,0000000000,    0.00,    0.00
002,01,01,dfc6668a95c33301cd7c7a4a4ab30b0ca65a6ff0e1be448ab17c64c25e9809e2,0000000000,08,05,08,01,24,00,00,00,00,00,0000000000,0000000000,    0.00,    0.00
006,01,01,db4b05e74e043a3d122363fa840629baaaaba9dc3ebdc4743791bee37b2d6512,0000000000,08,05,08,01,24,00,00,00,00,00,0000000000,0000000000,    0.00,    0.00
007,01,01,86e31c439b628301f5cb1d37d7e23fb74b2ed234515ef21f47cac0659c26ec5c,0000000000,08,05,08,01,24,00,00,00,00,00,0000000000,0000000000,    0.00,    0.00
008,01,01,9b4db2d927583130a4c4f5f930b4fb50805d5d27b6c559e40a275f77d773a86a,0000000000,08,05,08,01,24,00,00,00,00,00,0000000000,0000000000,    0.00,    0.00
007,01,01,c907242d40bfa556ea67adccf796c4d115df073b43cbd6b283af0b52f73710cc,0000000000,08,05,08,01,24,00,00,00,00,00,0000000000,0000000000,    0.00,    0.00
008,01,01,d3e1c4f0a7e49c128c6cd4cdba0036d9e60d07ab70196335e560214b2238e80d,0000000000,08,05,08,01,24,00,00,00,00,00,0000000000,0000000000,    0.00,    0.00
006,01,01,cf86739bb55747458194d2c1cd689e4ccd50442b803e39760ab69437dff865ff,0000000000,08,06,08,01,24,00,00,00,00,00,0000000000,0000000000,    0.00,    0.00
008,01,01,1a3b44cff38888debedd9c1cfde922a338878ec750fd5bc35a0cc87fb7689f86,0000000000,08,07,08,01,24,00,00,00,00,00,0000000000,0000000000,    0.00,    0.00
001,01,01,201fa56de721b3c512ded279437e527cb691bcd20d68e043deb1532412ec4803,0000000000,08,07,08,01,24,00,00,00,00,00,0000000000,0000000000,    0.00,    0.00
006,01,01,dff3b3447fe483439730d5b9ca4d64f2bdaf09470ea6ce6e78ea689b1faedb4c,0000000000,08,07,08,01,24,00,00,00,00,00,0000000000,0000000000,    0.00,    0.00
001,01,01,7942536c95c0b9aef99f6b1853e51ea744ad17b43f76eaffa6c598cbaec63ab2,0000000000,08,07,08,01,24,00,00,00,00,00,0000000000,0000000000,    0.00,    0.00
001,01,01,1b902bd7a0952c2a7f4b673c1e7e4588182bbce346e43b059870ccc1b3e26dd3,0000000000,08,09,08,01,24,00,00,00,00,00,0000000000,0000000000,    0.00,    0.00
003,01,01,e9b27218544bc226f19f6bb07b33903b795b23bace934079892138f4dad6f0d4,0000000000,08,09,08,01,24,00,00,00,00,00,0000000000,0000000000,    0.00,    0.00
001,01,01,90bbe1605b69f3a7f79eea1374002a9abfb0ddc339eafaa85e207efebc5d39e7,0000000000,08,09,08,01,24,00,00,00,00,00,0000000000,0000000000,    0.00,    0.00
001,01,01,71d68a4f3eb24948c6aa42e7edfed058a81774b94529d64982cfcf781a3ca067,0000000000,08,10,08,01,24,00,00,00,00,00,0000000000,0000000000,    0.00,    0.00
006,01,01,992f703df38539e6f509c99c7cbf75eca84b8a0d30161b6830fbb6332ba648f3,0000000000,08,11,08,01,24,00,00,00,00,00,0000000000,0000000000,    0.00,    0.00
003,01,01,80ea7145e226d40f4b467978002a1483da4b8f504238a4bdf05c3467ae4a5ba4,0000000000,08,14,08,01,24,00,00,00,00,00,0000000000,0000000000,    0.00,    0.00
006,01,01,25a2b4c3f72bcab57d25a150f23d37f4ab516ce5a76ef7a7a53f941e3561971c,0000000000,08,17,08,01,24,00,00,00,00,00,0000000000,0000000000,    0.00,    0.00
008,01,01,bd404bf6356901e7057f69ffeeeb31d2b8f921a18e23352988b0bab15c322292,0000000000,08,19,08,01,24,00,00,00,00,00,0000000000,0000000000,    0.00,    0.00
006,01,01,f4b048a3bd1069a123c10f182d890b4bf5473218470ff4bc57732e32d8152dd1,0000000000,08,20,08,01,24,00,00,00,00,00,0000000000,0000000000,    0.00,    0.00
001,01,01,e2a494a3308ba90cd0e3a3041497cf725a388b9c4c2c7c4a1fc3bc151ee42e9d,0000000000,08,21,08,01,24,00,00,00,00,00,0000000000,0000000000,    0.00,    0.00
007,01,01,bb770afc82296627bfa95527ad470215afd08ebad7b7898c5942cb75e185a3ff,0000000000,08,23,08,01,24,00,00,00,00,00,0000000000,0000000000,    0.00,    0.00
008,01,01,c2be4659ded83447cdb618dfc6fff3829b22de8df2f96f693a11306ad8764c57,0000000000,08,25,08,01,24,00,00,00,00,00,0000000000,0000000000,    0.00,    0.00
007,01,01,8160d4a986be76f6d00fd6a4fa5f2a9ec1cb5872723c66488be8542c353557ab,0000000000,08,27,08,01,24,00,00,00,00,00,0000000000,0000000000,    0.00,    0.00
003,01,01,82907600783bc4f596b3d5812a4f633f60a455e105d751bf9acec80e09cd3593,0000000000,08,27,08,01,24,00,00,00,00,00,0000000000,0000000000,    0.00,    0.00
001,01,01,ffaba3b23c7d7b652c2366b8e6c4b56ed7155bfb753a0c03f623e874c33ef53a,0000000000,08,31,08,01,24,00,00,00,00,00,0000000000,0000000000,    0.00,    0.00
008,01,01,50db1cc9b3ef1e18681ffe266098176be4be7155000af14519e75559ad69b3a0,0000000000,08,31,08,01,24,00,00,00,00,00,0000000000,0000000000,    0.00,    0.00
008,01,01,c66b8bd667db509af9120f788769ef73c4aa5c01499945ab7729d8ee857d5c7b,0000000000,08,32,08,01,24,00,00,00,00,00,0000000000,0000000000,    0.00,    0.00
006,01,01,e3084d3432a2e50d231fbf68df975b0aded443ef26291ef2dc235141c748423f,0000000000,08,34,08,01,24,00,00,00,00,00,0000000000,0000000000,    0.00,    0.00
006,01,01,f7e0f45817036d0cd2c6c00b9b027ce07b9afc17bccaa614078086f35607fbe1,0000000000,08,34,08,01,24,00,00,00,00,00,0000000000,0000000000,    0.00,    0.00
001,01,01,eed288e32bdbe7fbe862df77a04106fe6f3ce3878e792db73978e966f595f4ff,0000000000,08,37,08,01,24,00,00,00,00,00,0000000000,0000000000,    0.00,    0.00
003,01,01,7daadc2e63f8ee2dcd628eb55755071d0b1d8e935083eedfdf6fe932dbce7f3e,0000000000,08,41,08,01,24,00,00,00,00,00,0000000000,0000000000,    0.00,    0.00
003,01,01,b4b0dd71506f5d931008070e05b2d52038b283463dc8e96914a4804486d936f1,0000000000,08,57,08,01,24,00,00,00,00,00,0000000000,0000000000,    0.00,    0.00
003,01,01,4971555ffbb6e8aab5851207529858ee200995cde82d6df1b784f204c646468f,0000000000,08,58,08,01,24,00,00,00,00,00,0000000000,0000000000,    0.00,    0.00
003,01,01,9d6fab3fbd8c1fbcf33f35d10553c886adbf1b6da615f3bb5e3a2adaab9f96ad,0000000000,09,12,08,01,24,00,00,00,00,00,0000000000,0000000000,    0.00,    0.00
006,01,01,dd6d2b18a89ad60c6765b746f195a7920f9c2a832361ce7c39d18220f0fe0edf,0000000000,10,57,08,01,24,00,00,00,00,00,0000000000,0000000000,    0.00,    0.00
007,01,01,846c79cc49be6bed90ab22e2ce6f469c3e620e6b51d626fe36460170fb6a8c5b,0000000000,11,44,08,01,24,00,00,00,00,00,0000000000,0000000000,    0.00,    0.00
005,01,03,72fdf6c5ef0205b9ecef52de676591c9a9233398beebda0a37d561d00bccc344,0000000000,12,06,08,01,24,00,00,00,00,00,0000000000,0000000000,    0.00,    0.00
004,01,01,a3d28971545b3d0fecf24e6663fbc0283c5446a1df862b7c9508290c99a44c0c,0000000000,12,19,08,01,24,00,00,00,00,00,0000000000,0000000000,    0.00,    0.00
004,01,03,30fed031d1864197d505632d3061820cc44f15734a72d9bb7036feebd92fb4d4,0000000000,13,00,08,01,24,00,00,00,00,00,0000000000,0000000000,    0.00,    0.00
003,01,03,55b4a597dbeac54516cbce0a21ffe5f993dfdde596b6c63634764faa291e98a5,0000000000,13,00,08,01,24,00,00,00,00,00,0000000000,0000000000,    0.00,    0.00
002,01,03,c112cf6300c95de1d52414cab64a5a19475fbcb63a846ee8ac403e25bf63795d,0000000000,13,01,08,01,24,00,00,00,00,00,0000000000,0000000000,    0.00,    0.00
002,01,03,dfc6668a95c33301cd7c7a4a4ab30b0ca65a6ff0e1be448ab17c64c25e9809e2,0000000000,13,01,08,01,24,00,00,00,00,00,0000000000,0000000000,    0.00,    0.00
001,01,03,2bd2821a7c107aaa365193678c3c9ace4879620d4213cee877d44ca0820b31c1,0000000000,13,30,08,01,24,00,00,00,00,00,0000000000,0000000000,    0.00,    0.00
002,01,03,b7c936e2ffbbe55f49d350d1e5fcb372a8c835939ba6f68bcdd3ce7e41a1e136,0000000000,14,01,08,01,24,00,00,00,00,00,0000000000,0000000000,    0.00,    0.00
006,01,01,28713af5328a7ad451d270a92d50acacbfac27e26ec10f5ad16cfed4bcd30ee7,0000000000,14,02,08,01,24,00,00,00,00,00,0000000000,0000000000,    0.00,    0.00
003,01,03,80ea7145e226d40f4b467978002a1483da4b8f504238a4bdf05c3467ae4a5ba4,0000000000,14,08,08,01,24,00,00,00,00,00,0000000000,0000000000,    0.00,    0.00
007,01,03,8160d4a986be76f6d00fd6a4fa5f2a9ec1cb5872723c66488be8542c353557ab,0000000000,15,03,08,01,24,00,00,00,00,00,0000000000,0000000000,    0.00,    0.00
003,01,03,9d6fab3fbd8c1fbcf33f35d10553c886adbf1b6da615f3bb5e3a2adaab9f96ad,0000000000,15,08,08,01,24,00,00,00,00,00,0000000000,0000000000,    0.00,    0.00
001,01,03,6ffb3b456b608f82c315c3cf607eff38cdd84a68e7a4eab9ad5b0de7e51e4176,0000000000,16,00,08,01,24,00,00,00,00,00,0000000000,0000000000,    0.00,    0.00
006,01,03,180ae5c26fb7b56bf2b54c6cb20c4383dacdd4201ccfd861eab7e009e3155c97,0000000000,16,01,08,01,24,00,00,00,00,00,0000000000,0000000000,    0.00,    0.00
006,01,03,f7d5d8164502a5a1b7960e82722848861e394592659a26c6414bcfa41eac0407,0000000000,16,04,08,01,24,00,00,00,00,00,0000000000,0000000000,    0.00,    0.00
003,01,03,b4b0dd71506f5d931008070e05b2d52038b283463dc8e96914a4804486d936f1,0000000000,16,09,08,01,24,00,00,00,00,00,0000000000,0000000000,    0.00,    0.00
003,01,03,82907600783bc4f596b3d5812a4f633f60a455e105d751bf9acec80e09cd3593,0000000000,16,09,08,01,24,00,00,00,00,00,0000000000,0000000000,    0.00,    0.00
004,01,03,28713af5328a7ad451d270a92d50acacbfac27e26ec10f5ad16cfed4bcd30ee7,0000000000,16,28,08,01,24,00,00,00,00,00,0000000000,0000000000,    0.00,    0.00
003,01,03,7daadc2e63f8ee2dcd628eb55755071d0b1d8e935083eedfdf6fe932dbce7f3e,0000000000,16,29,08,01,24,00,00,00,00,00,0000000000,0000000000,    0.00,    0.00
003,01,03,a4ef4b5a403c0919d923d4d6b232f4df9448fc1bf2067092bdafd9c69a552822,0000000000,16,30,08,01,24,00,00,00,00,00,0000000000,0000000000,    0.00,    0.00
004,01,03,db7410afd357e5303a87d627eef6c59f8d36faa839c205778ac883ae106acef6,0000000000,16,30,08,01,24,00,00,00,00,00,0000000000,0000000000,    0.00,    0.00
003,01,03,822836344dcec26948e36d4649bba4ca4cf387a8e653525969800d0b601f968e,0000000000,16,30,08,01,24,00,00,00,00,00,0000000000,0000000000,    0.00,    0.00
003,01,03,edd945d14794bcab9a59a5528dfe43f2bd2e2f5e899ede9bcf4e0e3f08cc21bb,0000000000,16,30,08,01,24,00,00,00,00,00,0000000000,0000000000,    0.00,    0.00
004,01,03,e33949d1a643fed7ee8ae530ed951f305fdec10d7b40e3a1c122291fcf380da6,0000000000,16,30,08,01,24,00,00,00,00,00,0000000000,0000000000,    0.00,    0.00
007,01,03,cc3c4c5aa4987c93bfed2899fa25beaffca8f2f03815fa4c673efaf943fb273a,0000000000,16,30,08,01,24,00,00,00,00,00,0000000000,0000000000,    0.00,    0.00
004,01,03,e5d429096a12889c553a18d24babbb23a83e8d2251aaa1602a10d6877184e580,0000000000,16,30,08,01,24,00,00,00,00,00,0000000000,0000000000,    0.00,    0.00
004,01,03,e734687aed21d619e47ec49a4c4f5f748bcfa6869b4e72fd95318bf993ad5b5f,0000000000,16,31,08,01,24,00,00,00,00,00,0000000000,0000000000,    0.00,    0.00
004,01,03,de756115497ff401f1cea08b10e3ab11b200358e5f3cabec932b09a451d12bf1,0000000000,16,31,08,01,24,00,00,00,00,00,0000000000,0000000000,    0.00,    0.00
004,01,03,c18d2aea739cf005485fc3a3fe7f5f5bfb0779dd9e53b73fd13d2e3c61cfd5d7,0000000000,16,31,08,01,24,00,00,00,00,00,0000000000,0000000000,    0.00,    0.00
006,01,03,4f05d77c3ece0d9a70baf66c03af28393ba09f267f9752ffff8f5a40ed778b60,0000000000,16,31,08,01,24,00,00,00,00,00,0000000000,0000000000,    0.00,    0.00
008,01,03,0b3b0d1c8c32a60dd97521ff446b4c438a986593c61262f2631a7d8c4f515a2b,0000000000,16,31,08,01,24,00,00,00,00,00,0000000000,0000000000,    0.00,    0.00
003,01,03,e9b27218544bc226f19f6bb07b33903b795b23bace934079892138f4dad6f0d4,0000000000,16,32,08,01,24,00,00,00,00,00,0000000000,0000000000,    0.00,    0.00
007,01,03,c75f93410cc0cc02ca9918bfaff69bf0d95c58958f5577c942745eef8a723f90,0000000000,16,33,08,01,24,00,00,00,00,00,0000000000,0000000000,    0.00,    0.00
004,01,03,a3d28971545b3d0fecf24e6663fbc0283c5446a1df862b7c9508290c99a44c0c,0000000000,16,37,08,01,24,00,00,00,00,00,0000000000,0000000000,    0.00,    0.00
008,01,03,282bd8d0f5869e432a301837c41481522336180aa7acf5adf13fffbc3190397f,0000000000,16,38,08,01,24,00,00,00,00,00,0000000000,0000000000,    0.00,    0.00
006,01,03,106566f4bd627685a669458dcc3fc6a47d26c326fc4b7e4cf5f555aeaf5b69d8,0000000000,16,46,08,01,24,00,00,00,00,00,0000000000,0000000000,    0.00,    0.00
006,01,03,8aecd0a245f36592d29ef8aa20e3d4432d170118177576b5874bb9d50cd6fefb,0000000000,16,49,08,01,24,00,00,00,00,00,0000000000,0000000000,    0.00,    0.00
008,01,03,2e5fab239bc63f6b5333ecf0e260a7d8a7232773fa66ba67efa26116125cf854,0000000000,16,51,08,01,24,00,00,00,00,00,0000000000,0000000000,    0.00,    0.00
004,01,03,9e4c395011a571af5b63fea1c1c51b179877ae89fafcf01429fe543212ef1078,0000000000,17,00,08,01,24,00,00,00,00,00,0000000000,0000000000,    0.00,    0.00
001,01,03,8893cbe582fd3b4438065e9149047628df5a232886936deb61d5951f55b3a27a,0000000000,17,00,08,01,24,00,00,00,00,00,0000000000,0000000000,    0.00,    0.00
004,01,03,57a0ace80b052fbf6a0f6121330027d89582feb8d63dd81bbe8874abd9503bf7,0000000000,17,00,08,01,24,00,00,00,00,00,0000000000,0000000000,    0.00,    0.00
007,01,03,1797d2e11275122d0b37f4bc4a78b033f495bc38d09c34b2067a07d0d45a15a5,0000000000,17,00,08,01,24,00,00,00,00,00,0000000000,0000000000,    0.00,    0.00
001,01,03,7800c6f0b58047811b1338338b89e5f94357a949054c5bcd0ddedf1db2a2aa2a,0000000000,17,00,08,01,24,00,00,00,00,00,0000000000,0000000000,    0.00,    0.00
004,01,03,8a618aedea976c5f2e9bdd47ce0d90a8c610312f9e1887962e9b7d7f013c3a55,0000000000,17,00,08,01,24,00,00,00,00,00,0000000000,0000000000,    0.00,    0.00
004,01,03,41923a4aae621fe1edf5995ec0e072b714aa55e2528a07d0ef11a93367e1d81a,0000000000,17,00,08,01,24,00,00,00,00,00,0000000000,0000000000,    0.00,    0.00
008,01,03,5dc1302bda87969b710ead12e78c2f316f7e1cc0ca0eccf6d060acbe9fc8b9ae,0000000000,17,00,08,01,24,00,00,00,00,00,0000000000,0000000000,    0.00,    0.00
001,01,03,3b88ff1a4ba9dfdbc8178a573816a456d9d497a0038072939f35a80caf320b2a,0000000000,17,00,08,01,24,00,00,00,00,00,0000000000,0000000000,    0.00,    0.00
007,01,03,012a253b2c376426e83130cf133eaec655fca0cc0e9481c10c80715218dce7f9,0000000000,17,00,08,01,24,00,00,00,00,00,0000000000,0000000000,    0.00,    0.00
001,01,03,513538f6a341fd2bf84269557eaa71ee0ae1c9433d806c0bbb34a180362e1f07,0000000000,17,00,08,01,24,00,00,00,00,00,0000000000,0000000000,    0.00,    0.00
002,01,03,cb4a4ffec0bfde69ae3c3e4dc14a73f93d2926bc30bb825ec4fd08f6ffc3d1a1,0000000000,17,00,08,01,24,00,00,00,00,00,0000000000,0000000000,    0.00,    0.00
004,01,03,db32b6c9f8e2a2b62dc93f7e515b4a89883b5aa20ba52c6cbcfba8bbd1ebfcd3,0000000000,17,00,08,01,24,00,00,00,00,00,0000000000,0000000000,    0.00,    0.00
005,01,03,72fdf6c5ef0205b9ecef52de676591c9a9233398beebda0a37d561d00bccc344,0000000000,17,00,08,01,24,00,00,00,00,00,0000000000,0000000000,    0.00,    0.00
007,01,03,846c79cc49be6bed90ab22e2ce6f469c3e620e6b51d626fe36460170fb6a8c5b,0000000000,17,00,08,01,24,00,00,00,00,00,0000000000,0000000000,    0.00,    0.00
001,01,03,71d68a4f3eb24948c6aa42e7edfed058a81774b94529d64982cfcf781a3ca067,0000000000,17,01,08,01,24,00,00,00,00,00,0000000000,0000000000,    0.00,    0.00
004,01,03,3b14426ecdb37e17461303f4c4e547c04cd99fd01ea6afc4357859b3538030bf,0000000000,17,01,08,01,24,00,00,00,00,00,0000000000,0000000000,    0.00,    0.00
004,01,03,5bbf955b47587001350bb1fd49900fe6d8c652fd739302f4dafb2db1996610c3,0000000000,17,01,08,01,24,00,00,00,00,00,0000000000,0000000000,    0.00,    0.00
002,01,03,d88c8b8f13ca4a66e03bae690a7b4265d2a050ad07a46f67f35d8b1e511c41b3,0000000000,17,01,08,01,24,00,00,00,00,00,0000000000,0000000000,    0.00,    0.00
004,01,03,aaad6cccf71723f44a6ba1f82f0cd06655acd1fcc3ca400cdc4a277e708f623e,0000000000,17,01,08,01,24,00,00,00,00,00,0000000000,0000000000,    0.00,    0.00
003,01,03,92e40687f2a2b72fe423deb9372625ce682c5193a9dfd5425c983a01a6fe7419,0000000000,17,01,08,01,24,00,00,00,00,00,0000000000,0000000000,    0.00,    0.00
004,01,03,2b79aec00a04b2df53392e1aaf518061fe1da7e65a648f2ed30f411d963e2b7f,0000000000,17,01,08,01,24,00,00,00,00,00,0000000000,0000000000,    0.00,    0.00
006,01,03,be9c6b5982a2674e064e8660a9f90d662db984df40483cacb98e58d51ac87638,0000000000,17,01,08,01,24,00,00,00,00,00,0000000000,0000000000,    0.00,    0.00
001,01,03,fb8edd264692caef02d7b4296356e4151c890f81b7c90bc3a1e5147a8dc32d91,0000000000,17,01,08,01,24,00,00,00,00,00,0000000000,0000000000,    0.00,    0.00
003,01,03,4971555ffbb6e8aab5851207529858ee200995cde82d6df1b784f204c646468f,0000000000,17,01,08,01,24,00,00,00,00,00,0000000000,0000000000,    0.00,    0.00
004,01,03,30934c7a1300acbb42331882d95368285ba0311f5e02d9adf382a1f2af73bdfe,0000000000,17,01,08,01,24,00,00,00,00,00,0000000000,0000000000,    0.00,    0.00
006,01,03,ae745cbdfdbf1a9d45bf72627dcb2bd6d06ab23f9915094ec9cbbd32f09f7e5f,0000000000,17,01,08,01,24,00,00,00,00,00,0000000000,0000000000,    0.00,    0.00
002,01,03,55c74413a4cf27c0024c10cd811ab9e4c0ccb93e3baa874c3681c56e8dc04ca9,0000000000,17,01,08,01,24,00,00,00,00,00,0000000000,0000000000,    0.00,    0.00
004,01,03,6288ae00a3d56855d5ae508719778802f354ce0c5568e17087ce0fe8f72acdb1,0000000000,17,01,08,01,24,00,00,00,00,00,0000000000,0000000000,    0.00,    0.00
004,01,03,beeb50abcb57304a058577feba6b90f6b9fb8edf3ee69a555eb545a21bf83815,0000000000,17,01,08,01,24,00,00,00,00,00,0000000000,0000000000,    0.00,    0.00
004,01,03,47815898b7baf5c8d4afcb142259397a6ae4337d4cd3e2ad9e1f987fc57cd7c9,0000000000,17,01,08,01,24,00,00,00,00,00,0000000000,0000000000,    0.00,    0.00
004,01,03,0a3e85570e54caee819936bd92cf6c6f9bf29dc779b7830e9fe6eeef02768757,0000000000,17,01,08,01,24,00,00,00,00,00,0000000000,0000000000,    0.00,    0.00
004,01,03,2db06934d3ba22f686ceb0e76e9284c33bc14a837099e463d096c8bcc41c5b8c,0000000000,17,02,08,01,24,00,00,00,00,00,0000000000,0000000000,    0.00,    0.00
004,01,03,3ec0080abb1540f1a04cd6f9122cb56db4d3fa7bb1a1224cfab6fbe84defdeff,0000000000,17,02,08,01,24,00,00,00,00,00,0000000000,0000000000,    0.00,    0.00
008,01,03,b958b7ba3c105efec1d67ba4b76b7c3843e67f18ac8c7b0de6a80abda35ce684,0000000000,17,02,08,01,24,00,00,00,00,00,0000000000,0000000000,    0.00,    0.00
007,01,03,7b7917a0898926c2c0e23df3100edb8fcbc52f313af18458aab418905f471d88,0000000000,17,02,08,01,24,00,00,00,00,00,0000000000,0000000000,    0.00,    0.00
004,01,03,76e9093257fb3c84d4fcba5e2d3115ef63d570ef9ea33f5ea448fe3d6874f47b,0000000000,17,02,08,01,24,00,00,00,00,00,0000000000,0000000000,    0.00,    0.00
003,01,03,185c58fc6cf21d80280a3db1d8f1f72e1b906b9fff92d6d7ba6149ff126ed298,0000000000,17,02,08,01,24,00,00,00,00,00,0000000000,0000000000,    0.00,    0.00
002,01,03,81dc2d704944a3731be66f3501afce3b162d34f925c917f1463a253f229cd8bb,0000000000,17,02,08,01,24,00,00,00,00,00,0000000000,0000000000,    0.00,    0.00
003,01,03,c91d1ea423a491a57f0c60888c4e60cbca107b9d65655c30dd24d8591e1d8fe5,0000000000,17,02,08,01,24,00,00,00,00,00,0000000000,0000000000,    0.00,    0.00
006,01,03,91c2c90deeafd12a55231d116cb6d78fc9925b2bcc57020faca9f00abb9151c4,0000000000,17,02,08,01,24,00,00,00,00,00,0000000000,0000000000,    0.00,    0.00
004,01,03,c5058aea56a57e77330794f0e916ea47e25c9ca12bc57164b40b999a3476401e,0000000000,17,02,08,01,24,00,00,00,00,00,0000000000,0000000000,    0.00,    0.00
001,01,03,90bbe1605b69f3a7f79eea1374002a9abfb0ddc339eafaa85e207efebc5d39e7,0000000000,17,02,08,01,24,00,00,00,00,00,0000000000,0000000000,    0.00,    0.00
006,01,03,34beed08901c2d0b845543ebce462ff3a2064defe4401eab2bf4ff6a3cefd81c,0000000000,17,02,08,01,24,00,00,00,00,00,0000000000,0000000000,    0.00,    0.00
007,01,03,3597e143272f1685558aa9241c67337b54fd22603fe8d782c644b3f18c4e0829,0000000000,17,02,08,01,24,00,00,00,00,00,0000000000,0000000000,    0.00,    0.00
006,01,03,be04a743ac9bd936342554da4cbb34e8948de99e5f61246059fc42e11b67574e,0000000000,17,02,08,01,24,00,00,00,00,00,0000000000,0000000000,    0.00,    0.00
003,01,03,073126b7e824f0d0af6d54240645c33f3d6eec23b257a12df01243a5f532f65a,0000000000,17,03,08,01,24,00,00,00,00,00,0000000000,0000000000,    0.00,    0.00
004,01,03,4cd816fd1c5efa03445bc5ee217650b4ab592374dd525768f80aa312a2a04a2a,0000000000,17,03,08,01,24,00,00,00,00,00,0000000000,0000000000,    0.00,    0.00
001,01,03,201fa56de721b3c512ded279437e527cb691bcd20d68e043deb1532412ec4803,0000000000,17,03,08,01,24,00,00,00,00,00,0000000000,0000000000,    0.00,    0.00
004,01,03,39c7240e8395a1e08ec5e5b2b7bb4612665fc52ca5aab3d51261cbe2992fd17a,0000000000,17,03,08,01,24,00,00,00,00,00,0000000000,0000000000,    0.00,    0.00
007,01,03,cfd94ea397c9823bcc7dcecdf2e847fb4952ed957cbba011bf6acc156fe03a9d,0000000000,17,03,08,01,24,00,00,00,00,00,0000000000,0000000000,    0.00,    0.00
004,01,03,12df4d68db7cd1cb776186f6ae7518bf40bff4cce8d2afd23c3740c8b2208c31,0000000000,17,03,08,01,24,00,00,00,00,00,0000000000,0000000000,    0.00,    0.00
003,01,03,e52fff7a6f4cc6a8fdc601745f3bff0c35096070dd9d29c2ffd24947dff851b7,0000000000,17,03,08,01,24,00,00,00,00,00,0000000000,0000000000,    0.00,    0.00
008,01,03,deba14113b182937920f4f245248499be1639c112a12f45255ec9c7dcb926c01,0000000000,17,03,08,01,24,00,00,00,00,00,0000000000,0000000000,    0.00,    0.00
004,01,03,03e6a1d3c48350e9c0da40478183e12abb4c5015935ace7b189f910021624317,0000000000,17,03,08,01,24,00,00,00,00,00,0000000000,0000000000,    0.00,    0.00
001,01,03,c8b5d3ca1e4abc2d202495f84e10426da339ff9fd6f1409041409957fbb95dae,0000000000,17,04,08,01,24,00,00,00,00,00,0000000000,0000000000,    0.00,    0.00
003,01,03,a2827e016758cd18e7c92ab5d37ca8d7bf1e191d1ccc252f718401f1b848aedd,0000000000,17,04,08,01,24,00,00,00,00,00,0000000000,0000000000,    0.00,    0.00
006,01,03,1ca9b682b240ae9a6d41c2c5e3f6270e88c4783f96d9aba5f7caa6adacb0eedd,0000000000,17,04,08,01,24,00,00,00,00,00,0000000000,0000000000,    0.00,    0.00
003,01,03,91a1b52f4bb0c439b41f67720c116f7a7dfe8795dab8c73008b1612c72f6c553,0000000000,17,04,08,01,24,00,00,00,00,00,0000000000,0000000000,    0.00,    0.00
006,01,03,91af8478813587188debc668c5032e0073d5914d0de41daa0698b0d9290f3180,0000000000,17,04,08,01,24,00,00,00,00,00,0000000000,0000000000,    0.00,    0.00
001,01,03,12f0be7bb76b094aca0bf66afea45b6b25514518700873c355a08146bca451c0,0000000000,17,04,08,01,24,00,00,00,00,00,0000000000,0000000000,    0.00,    0.00
003,01,03,48c4ed2f68a8796cb1ed2bcede1fadb249a41dfde2956aefda072196d966e2a9,0000000000,17,04,08,01,24,00,00,00,00,00,0000000000,0000000000,    0.00,    0.00
006,01,03,dff3b3447fe483439730d5b9ca4d64f2bdaf09470ea6ce6e78ea689b1faedb4c,0000000000,17,04,08,01,24,00,00,00,00,00,0000000000,0000000000,    0.00,    0.00
003,01,03,6ad950f8a523dc71d6787241cb53bbac2afd9f1104a05d21d3df2a10eaac2e54,0000000000,17,04,08,01,24,00,00,00,00,00,0000000000,0000000000,    0.00,    0.00
006,01,03,e128446f66cbdf1257a65f593df961698f8febc5e65111f91e75c3789cc49b14,0000000000,17,04,08,01,24,00,00,00,00,00,0000000000,0000000000,    0.00,    0.00
006,01,03,51a5190a98982f92d0e45b148190503da8bc7f42cdb01cde7ec8fcfa68500ec6,0000000000,17,05,08,01,24,00,00,00,00,00,0000000000,0000000000,    0.00,    0.00
003,01,03,fb5ba04406e99e938e9d6d71fd36a730b0ee118796896d3dd20b384e3115e6e4,0000000000,17,05,08,01,24,00,00,00,00,00,0000000000,0000000000,    0.00,    0.00
006,01,03,41cf38ea4a2f7a88c576c9f50aaa0ba0f25b3ef6086bd1d9ecd006cc105c0cb3,0000000000,17,05,08,01,24,00,00,00,00,00,0000000000,0000000000,    0.00,    0.00
006,01,03,9fecd1f3e54193c000bb2d52979db5aeb25802198e81aba035ae81bee90cfea8,0000000000,17,05,08,01,24,00,00,00,00,00,0000000000,0000000000,    0.00,    0.00
006,01,03,8d2227bf9ce5acecdcadaf5d4a8499f53d4cbf5767cee0a4a9444a1d1698f3b9,0000000000,17,05,08,01,24,00,00,00,00,00,0000000000,0000000000,    0.00,    0.00
006,01,03,1d8e6e4d07c0b99333256c3dc97ae513fdbc28aa388edb1f872572ac27bd3374,0000000000,17,06,08,01,24,00,00,00,00,00,0000000000,0000000000,    0.00,    0.00
006,01,03,021f30e46573a4875605de4822184cd3cc701308e796b63af76a28612b6f5eee,0000000000,17,06,08,01,24,00,00,00,00,00,0000000000,0000000000,    0.00,    0.00
007,01,03,d71181bf2428f5bdd4b880823bdab876c170a951ddca52b13db5ade11023a95e,0000000000,17,06,08,01,24,00,00,00,00,00,0000000000,0000000000,    0.00,    0.00
006,01,03,db1b73f5a0bda004558726ce57775509d9c1715871adb5b359c8fd2f2a3358d1,0000000000,17,06,08,01,24,00,00,00,00,00,0000000000,0000000000,    0.00,    0.00
006,01,03,d90f3930c6527617ffbb8c403e0a13866b4f971d0de3c49bcd1c9af97a6a71fc,0000000000,17,06,08,01,24,00,00,00,00,00,0000000000,0000000000,    0.00,    0.00
007,01,03,907cdc1b5b36dabe764aadc3d52691a0191cbcf50af77ae595182060b6710514,0000000000,17,06,08,01,24,00,00,00,00,00,0000000000,0000000000,    0.00,    0.00
006,01,03,83e34923d854d062f5330b247ceccefdec2663d775a123995407a60c4288e78d,0000000000,17,06,08,01,24,00,00,00,00,00,0000000000,0000000000,    0.00,    0.00
007,01,03,0e121debfb44847e1ec6b67c517349ff6bd7a55c57874de3fe2b7190d9e595c5,0000000000,17,06,08,01,24,00,00,00,00,00,0000000000,0000000000,    0.00,    0.00
008,01,03,1a3b44cff38888debedd9c1cfde922a338878ec750fd5bc35a0cc87fb7689f86,0000000000,17,06,08,01,24,00,00,00,00,00,0000000000,0000000000,    0.00,    0.00
003,01,03,123c2068c51270225f7d424474ac14b7b40fc5e202f878aa40ed3f3c6c2b66fd,0000000000,17,06,08,01,24,00,00,00,00,00,0000000000,0000000000,    0.00,    0.00
006,01,03,986558ff89717af6f30d16b7552028957a68ceac427e2f68493b51a3ffa15879,0000000000,17,07,08,01,24,00,00,00,00,00,0000000000,0000000000,    0.00,    0.00
006,01,03,2a3b4b95fcd0b6d0b7025355f115656e7d5f2c301d8011c459227777cffc33eb,0000000000,17,07,08,01,24,00,00,00,00,00,0000000000,0000000000,    0.00,    0.00
006,01,03,db4b05e74e043a3d122363fa840629baaaaba9dc3ebdc4743791bee37b2d6512,0000000000,17,09,08,01,24,00,00,00,00,00,0000000000,0000000000,    0.00,    0.00
006,01,03,39486abcc3f57a57449f39dff4a5b9fcac5f74ab677a9e1b29a213df821508ef,0000000000,17,11,08,01,24,00,00,00,00,00,0000000000,0000000000,    0.00,    0.00
006,01,03,35a0adc3530708686f4dc3d83e31e791efaff9dd28f903c8904d39b6145ea718,0000000000,17,12,08,01,24,00,00,00,00,00,0000000000,0000000000,    0.00,    0.00
007,01,03,af5166fc89a669b9355cae635fecd4127267df893ab6fd7ecdb280735d9b635a,0000000000,17,12,08,01,24,00,00,00,00,00,0000000000,0000000000,    0.00,    0.00
006,01,03,98d18d3411cda0231508d501a6790863bb086e9c15ba7d0cebfa6bdced447a1a,0000000000,17,12,08,01,24,00,00,00,00,00,0000000000,0000000000,    0.00,    0.00
005,01,03,588f6948c8edf2ed5a6715937b019f2e8159e710c3dad78f8034b809f2e50018,0000000000,17,13,08,01,24,00,00,00,00,00,0000000000,0000000000,    0.00,    0.00
001,01,03,5bf702afc47277a2e18ed6900d1ada6bb9ac9e5046f720aefd4e31eb2e3ff64d,0000000000,17,13,08,01,24,00,00,00,00,00,0000000000,0000000000,    0.00,    0.00
006,01,03,992f703df38539e6f509c99c7cbf75eca84b8a0d30161b6830fbb6332ba648f3,0000000000,17,14,08,01,24,00,00,00,00,00,0000000000,0000000000,    0.00,    0.00
001,01,03,1b902bd7a0952c2a7f4b673c1e7e4588182bbce346e43b059870ccc1b3e26dd3,0000000000,17,14,08,01,24,00,00,00,00,00,0000000000,0000000000,    0.00,    0.00
001,01,03,7942536c95c0b9aef99f6b1853e51ea744ad17b43f76eaffa6c598cbaec63ab2,0000000000,17,15,08,01,24,00,00,00,00,00,0000000000,0000000000,    0.00,    0.00
006,01,03,25a2b4c3f72bcab57d25a150f23d37f4ab516ce5a76ef7a7a53f941e3561971c,0000000000,17,17,08,01,24,00,00,00,00,00,0000000000,0000000000,    0.00,    0.00
006,01,03,f7e0f45817036d0cd2c6c00b9b027ce07b9afc17bccaa614078086f35607fbe1,0000000000,17,17,08,01,24,00,00,00,00,00,0000000000,0000000000,    0.00,    0.00
007,01,03,c907242d40bfa556ea67adccf796c4d115df073b43cbd6b283af0b52f73710cc,0000000000,17,18,08,01,24,00,00,00,00,00,0000000000,0000000000,    0.00,    0.00
006,01,03,5540503c193ed5c6d781ee263510182acb5449bebd9c0215effe432d219ff8ed,0000000000,17,18,08,01,24,00,00,00,00,00,0000000000,0000000000,    0.00,    0.00
007,01,03,1a0da39251583e767526b7001f26186b824a3f99bc870e10a32a11ce994727ae,0000000000,17,19,08,01,24,00,00,00,00,00,0000000000,0000000000,    0.00,    0.00
006,01,03,d178bc1f08656516948a8eb9c4e85aded58e6c5886bb8d9474d840611dd5e2ca,0000000000,17,20,08,01,24,00,00,00,00,00,0000000000,0000000000,    0.00,    0.00
006,01,03,fdb7a6348501aacf1fcbf3dc84fc54f9da3ed1e6ab8dd7dfef019978c68cf5e7,0000000000,17,21,08,01,24,00,00,00,00,00,0000000000,0000000000,    0.00,    0.00
001,01,03,e2a494a3308ba90cd0e3a3041497cf725a388b9c4c2c7c4a1fc3bc151ee42e9d,0000000000,17,25,08,01,24,00,00,00,00,00,0000000000,0000000000,    0.00,    0.00
006,01,03,dd6d2b18a89ad60c6765b746f195a7920f9c2a832361ce7c39d18220f0fe0edf,0000000000,17,30,08,01,24,00,00,00,00,00,0000000000,0000000000,    0.00,    0.00
006,01,03,f4b048a3bd1069a123c10f182d890b4bf5473218470ff4bc57732e32d8152dd1,0000000000,17,30,08,01,24,00,00,00,00,00,0000000000,0000000000,    0.00,    0.00
007,01,03,bb770afc82296627bfa95527ad470215afd08ebad7b7898c5942cb75e185a3ff,0000000000,17,30,08,01,24,00,00,00,00,00,0000000000,0000000000,    0.00,    0.00
008,01,03,c2be4659ded83447cdb618dfc6fff3829b22de8df2f96f693a11306ad8764c57,0000000000,17,30,08,01,24,00,00,00,00,00,0000000000,0000000000,    0.00,    0.00
001,01,03,ffaba3b23c7d7b652c2366b8e6c4b56ed7155bfb753a0c03f623e874c33ef53a,0000000000,17,30,08,01,24,00,00,00,00,00,0000000000,0000000000,    0.00,    0.00
008,01,03,c66b8bd667db509af9120f788769ef73c4aa5c01499945ab7729d8ee857d5c7b,0000000000,17,30,08,01,24,00,00,00,00,00,0000000000,0000000000,    0.00,    0.00
008,01,03,a0ee52ff857f935e4e23e3753eb72aad289e967f8eb72f7bb84a8db23dd7ae2a,0000000000,17,30,08,01,24,00,00,00,00,00,0000000000,0000000000,    0.00,    0.00
001,01,03,b7692e2714da5f2e706176d9deaa4f1fb4705493b0e3919945557a74ab326642,0000000000,17,30,08,01,24,00,00,00,00,00,0000000000,0000000000,    0.00,    0.00
005,01,03,bda3687bc843201b7c825c778f37802e98a1bc2e52873b870d3abd2230fbfa3b,0000000000,17,32,08,01,24,00,00,00,00,00,0000000000,0000000000,    0.00,    0.00
006,01,03,87ad8120fa58c3391e330ea6b1927e06f5476edc97fce1afa5fa3d949eead034,0000000000,17,32,08,01,24,00,00,00,00,00,0000000000,0000000000,    0.00,    0.00
008,01,03,50db1cc9b3ef1e18681ffe266098176be4be7155000af14519e75559ad69b3a0,0000000000,17,32,08,01,24,00,00,00,00,00,0000000000,0000000000,    0.00,    0.00
008,01,03,d3e1c4f0a7e49c128c6cd4cdba0036d9e60d07ab70196335e560214b2238e80d,0000000000,17,34,08,01,24,00,00,00,00,00,0000000000,0000000000,    0.00,    0.00
006,01,03,7120c31e5033951fd04673195d77494da6311b6a42237fa84f471a8cd6b3f8a2,0000000000,17,34,08,01,24,00,00,00,00,00,0000000000,0000000000,    0.00,    0.00
008,01,03,9b4db2d927583130a4c4f5f930b4fb50805d5d27b6c559e40a275f77d773a86a,0000000000,17,34,08,01,24,00,00,00,00,00,0000000000,0000000000,    0.00,    0.00
008,01,03,c15a804d4cacf853a1d1149306bcf19ceb38f35a89a557701c0a21f1eb732955,0000000000,17,34,08,01,24,00,00,00,00,00,0000000000,0000000000,    0.00,    0.00
002,01,03,3ac461f1bdfad710914ca45ff88fd37e30a74d058a4ded90e1f9c47f00f54745,0000000000,17,39,08,01,24,00,00,00,00,00,0000000000,0000000000,    0.00,    0.00
008,01,03,bd404bf6356901e7057f69ffeeeb31d2b8f921a18e23352988b0bab15c322292,0000000000,17,50,08,01,24,00,00,00,00,00,0000000000,0000000000,    0.00,    0.00
006,01,03,1e1b5fe1b1c27ba878afa4ee9a3bcd0a144e82e2ff54a34b6ccf9c60fa8277c0,0000000000,18,01,08,01,24,00,00,00,00,00,0000000000,0000000000,    0.00,    0.00
006,01,03,b1ca2518bcecd95d12400802a24f5a20ac4c53344178f3d3b9d1532dcff6b215,0000000000,18,02,08,01,24,00,00,00,00,00,0000000000,0000000000,    0.00,    0.00
006,01,03,4805aa4ef7a9aa71b9175c856505cd8d9aa9aad3fe0c48a1a02ee99351f6063e,0000000000,18,02,08,01,24,00,00,00,00,00,0000000000,0000000000,    0.00,    0.00
006,01,03,ad2fa8e5b52fd2cc77152d6d28772ffcf5f9438d5fb48c669d463c4be582ee72,0000000000,18,02,08,01,24,00,00,00,00,00,0000000000,0000000000,    0.00,    0.00
006,01,03,339742e1139c17c25cbb83978f53ea745082c229d336c8254fd72758ac5b1090,0000000000,18,07,08,01,24,00,00,00,00,00,0000000000,0000000000,    0.00,    0.00
006,01,03,77c8fd6926bfe8f485d2ffc45d5c205c882b80f547f70eb318efca4f9b18c488,0000000000,18,13,08,01,24,00,00,00,00,00,0000000000,0000000000,    0.00,    0.00
006,01,03,cf86739bb55747458194d2c1cd689e4ccd50442b803e39760ab69437dff865ff,0000000000,18,21,08,01,24,00,00,00,00,00,0000000000,0000000000,    0.00,    0.00
006,01,03,d8e8164edea82834858130b3110c802f5100329574e27d7e9a400f740df11192,0000000000,18,37,08,01,24,00,00,00,00,00,0000000000,0000000000,    0.00,    0.00
006,01,03,96559f4b2a075a2c349344e568b8d88892ab2d63e786471a836af63796230d2c,0000000000,18,37,08,01,24,00,00,00,00,00,0000000000,0000000000,    0.00,    0.00
006,01,03,63778f8f02b7b977e8d90fb5b2242f1678028a4d78cd2a00ab43a76b99fc9dd9,0000000000,18,38,08,01,24,00,00,00,00,00,0000000000,0000000000,    0.00,    0.00
006,01,03,3394e06d7b2afde550b80af49ff4555a3cddb11dabfdb80c9a02ec3caf73d195,0000000000,18,40,08,01,24,00,00,00,00,00,0000000000,0000000000,    0.00,    0.00
006,01,03,cd10be87fa6f8b036322d6a169f7405c21024d03ab1d1047289bf5f2ec0c7532,0000000000,18,40,08,01,24,00,00,00,00,00,0000000000,0000000000,    0.00,    0.00
006,01,03,5b43a37cb12e862be8c3c5469617e1c768b9fb28db877d4d3848b06007c1ef1b,0000000000,18,41,08,01,24,00,00,00,00,00,0000000000,0000000000,    0.00,    0.00
006,01,03,e3084d3432a2e50d231fbf68df975b0aded443ef26291ef2dc235141c748423f,0000000000,18,53,08,01,24,00,00,00,00,00,0000000000,0000000000,    0.00,    0.00
006,01,03,ee46f4e0e8889e1068d70cec39e63fe9222f7480c9c0c6e47d1972486b6855bb,0000000000,20,15,08,01,24,00,00,00,00,00,0000000000,0000000000,    0.00,    0.00